<?xml version="1.0" encoding="UTF-8"?>
<testng-results skipped="0" failed="0" ignored="0" total="2" passed="2">
  <reporter-output>
  </reporter-output>
  <suite name="Suite" duration-ms="43745" started-at="2023-11-01T02:34:33 IST" finished-at="2023-11-01T02:35:17 IST">
    <groups>
    </groups>
    <test name="Test" duration-ms="43745" started-at="2023-11-01T02:34:33 IST" finished-at="2023-11-01T02:35:17 IST">
      <class name="TestScripts.Calculator2">
        <test-method status="PASS" signature="Setup()[pri:0, instance:TestScripts.Calculator2@2a742aa2]" name="Setup" is-config="true" duration-ms="11733" started-at="2023-11-01T02:34:59 IST" finished-at="2023-11-01T02:35:10 IST">
          <reporter-output>
          </reporter-output>
        </test-method> <!-- Setup -->
        <test-method status="PASS" signature="AppiumApplcation()[pri:0, instance:TestScripts.Calculator2@2a742aa2]" name="AppiumApplcation" duration-ms="6681" started-at="2023-11-01T02:35:10 IST" finished-at="2023-11-01T02:35:17 IST">
          <reporter-output>
          </reporter-output>
        </test-method> <!-- AppiumApplcation -->
        <test-method status="PASS" signature="TestDown()[pri:0, instance:TestScripts.Calculator2@2a742aa2]" name="TestDown" is-config="true" duration-ms="1" started-at="2023-11-01T02:35:17 IST" finished-at="2023-11-01T02:35:17 IST">
          <reporter-output>
          </reporter-output>
        </test-method> <!-- TestDown -->
      </class> <!-- TestScripts.Calculator2 -->
      <class name="TestScripts.Calculator1">
        <test-method status="PASS" signature="Setup()[pri:0, instance:TestScripts.Calculator1@2f943d71]" name="Setup" is-config="true" duration-ms="14385" started-at="2023-11-01T02:34:33 IST" finished-at="2023-11-01T02:34:48 IST">
          <reporter-output>
          </reporter-output>
        </test-method> <!-- Setup -->
        <test-method status="PASS" signature="AppiumTest()[pri:0, instance:TestScripts.Calculator1@2f943d71]" name="AppiumTest" duration-ms="10872" started-at="2023-11-01T02:34:48 IST" finished-at="2023-11-01T02:34:59 IST">
          <reporter-output>
          </reporter-output>
        </test-method> <!-- AppiumTest -->
        <test-method status="PASS" signature="TestDown()[pri:0, instance:TestScripts.Calculator1@2f943d71]" name="TestDown" is-config="true" duration-ms="1" started-at="2023-11-01T02:34:59 IST" finished-at="2023-11-01T02:34:59 IST">
          <reporter-output>
          </reporter-output>
        </test-method> <!-- TestDown -->
      </class> <!-- TestScripts.Calculator1 -->
    </test> <!-- Test -->
  </suite> <!-- Suite -->
</testng-results>
